<?xml version="1.0" encoding="UTF-8"?>
<testng-results ignored="0" total="1" passed="1" failed="0" skipped="0">
  <reporter-output>
  </reporter-output>
  <suite started-at="2024-02-26T13:04:39 IST" name="Default suite" finished-at="2024-02-26T13:04:40 IST" duration-ms="493">
    <groups>
    </groups>
    <test started-at="2024-02-26T13:04:39 IST" name="Default test" finished-at="2024-02-26T13:04:40 IST" duration-ms="493">
      <class name="serialization.deserialization">
        <test-method signature="empDeserialization()[pri:0, instance:serialization.deserialization@4de4b452]" started-at="2024-02-26T13:04:39 IST" name="empDeserialization" finished-at="2024-02-26T13:04:40 IST" duration-ms="413" status="PASS">
          <reporter-output>
          </reporter-output>
        </test-method> <!-- empDeserialization -->
      </class> <!-- serialization.deserialization -->
    </test> <!-- Default test -->
  </suite> <!-- Default suite -->
</testng-results>
